<?xml version="1.0" encoding="UTF-8"?>
<!-- Generated by org.testng.reporters.JUnitXMLReporter -->
<testsuite ignored="0" hostname="GL2740-X0" failures="0" tests="1" name="firefoxTest" time="16.704" errors="0" timestamp="2026-03-20T20:11:38 IST">
  <testcase classname="testCases.BaseClass" name="@BeforeClass setup" time="1.175">
    <failure type="org.openqa.selenium.SessionNotCreatedException" message="Could not start a new session. Possible causes are invalid address of the remote server or browser start-up failure. 
Host info: host: &amp;apos;GL2740-X0&amp;apos;, ip: &amp;apos;2409:40c1:2039:c9f:7cbc:279b:fe4:3638%en0&amp;apos;">
      <![CDATA[org.openqa.selenium.SessionNotCreatedException: Could not start a new session. Possible causes are invalid address of the remote server or browser start-up failure. 
Host info: host: 'GL2740-X0', ip: '2409:40c1:2039:c9f:7cbc:279b:fe4:3638%en0'
at org.openqa.selenium.remote.RemoteWebDriver.execute(RemoteWebDriver.java:625)
at org.openqa.selenium.remote.RemoteWebDriver.startSession(RemoteWebDriver.java:288)
at org.openqa.selenium.remote.RemoteWebDriver.<init>(RemoteWebDriver.java:211)
at org.openqa.selenium.safari.SafariDriver.<init>(SafariDriver.java:89)
at org.openqa.selenium.safari.SafariDriver.<init>(SafariDriver.java:61)
at org.openqa.selenium.safari.SafariDriver.<init>(SafariDriver.java:57)
at org.openqa.selenium.safari.SafariDriver.<init>(SafariDriver.java:48)
at testCases.BaseClass.setup(BaseClass.java:34)
at java.base/java.util.ArrayList.forEach(ArrayList.java:1511)
at java.base/java.util.concurrent.FutureTask.run(FutureTask.java:264)
at java.base/java.util.concurrent.ThreadPoolExecutor.runWorker(ThreadPoolExecutor.java:1136)
at java.base/java.util.concurrent.ThreadPoolExecutor$Worker.run(ThreadPoolExecutor.java:635)
at java.base/java.lang.Thread.run(Thread.java:840)
Caused by: org.openqa.selenium.WebDriverException: Driver server process died prematurely, exit value: 1
Build info: version: '4.41.0', revision: '9fc754f'
System info: os.name: 'Mac OS X', os.arch: 'x86_64', os.version: '26.3', java.version: '17.0.9'
Driver info: driver.version: SafariDriver
at org.openqa.selenium.remote.service.DriverService.start(DriverService.java:254)
at org.openqa.selenium.remote.service.DriverCommandExecutor.execute(DriverCommandExecutor.java:117)
at org.openqa.selenium.remote.RemoteWebDriver.execute(RemoteWebDriver.java:604)
... 27 more
... Removed 15 stack frames]]>
    </failure>
  </testcase> <!-- @BeforeClass setup -->
  <testcase classname="testCases.BaseClass" name="@AfterClass tearDown" time="0.0">
    <skipped/>
  </testcase> <!-- @AfterClass tearDown -->
  <testcase classname="testCases.TC01_AccountRegistration" name="verify_account_registration" time="2.889"/>
</testsuite> <!-- firefoxTest -->
