<?xml version="1.0" encoding="UTF-8"?>
<!-- Generated by org.testng.reporters.JUnitXMLReporter -->
<testsuite ignored="0" hostname="GL2740-X0" failures="1" tests="2" name="group" time="34.523" errors="0" timestamp="2026-03-25T19:50:56 IST">
  <testcase classname="testCases.TC01_AccountRegistration" name="verify_account_registration" time="12.867">
    <failure type="java.lang.AssertionError" message="expected [true] but found [false]">
      <![CDATA[java.lang.AssertionError: expected [true] but found [false]
at testCases.TC01_AccountRegistration.verify_account_registration(TC01_AccountRegistration.java:50)
at java.base/java.util.ArrayList.forEach(ArrayList.java:1511)
... Removed 31 stack frames]]>
    </failure>
  </testcase> <!-- verify_account_registration -->
  <testcase classname="testCases.TC02_LoginTest" name="verify_login" time="2.416"/>
</testsuite> <!-- group -->
