<?xml version="1.0" encoding="UTF-8"?>
<testng-results ignored="0" total="4" passed="4" failed="0" skipped="0">
  <reporter-output>
  </reporter-output>
  <suite started-at="2026-03-31T18:12:08 IST" name="grid-docker" finished-at="2026-03-31T18:13:25 IST" duration-ms="77619">
    <groups>
      <group name="Master">
        <method signature="TC01_AccountRegistration.verify_account_registration()[pri:0, instance:testCases.TC01_AccountRegistration@5f049ea1]" name="verify_account_registration" class="testCases.TC01_AccountRegistration"/>
        <method signature="TC02_LoginTest.verify_login()[pri:0, instance:testCases.TC02_LoginTest@606e4010]" name="verify_login" class="testCases.TC02_LoginTest"/>
        <method signature="TC01_AccountRegistration.verify_account_registration()[pri:0, instance:testCases.TC01_AccountRegistration@723ca036]" name="verify_account_registration" class="testCases.TC01_AccountRegistration"/>
        <method signature="TC02_LoginTest.verify_login()[pri:0, instance:testCases.TC02_LoginTest@25be7b63]" name="verify_login" class="testCases.TC02_LoginTest"/>
      </group> <!-- Master -->
      <group name="Sanity">
        <method signature="TC02_LoginTest.verify_login()[pri:0, instance:testCases.TC02_LoginTest@606e4010]" name="verify_login" class="testCases.TC02_LoginTest"/>
        <method signature="TC02_LoginTest.verify_login()[pri:0, instance:testCases.TC02_LoginTest@25be7b63]" name="verify_login" class="testCases.TC02_LoginTest"/>
      </group> <!-- Sanity -->
      <group name="Regression">
        <method signature="TC01_AccountRegistration.verify_account_registration()[pri:0, instance:testCases.TC01_AccountRegistration@5f049ea1]" name="verify_account_registration" class="testCases.TC01_AccountRegistration"/>
        <method signature="TC01_AccountRegistration.verify_account_registration()[pri:0, instance:testCases.TC01_AccountRegistration@723ca036]" name="verify_account_registration" class="testCases.TC01_AccountRegistration"/>
      </group> <!-- Regression -->
    </groups>
    <test started-at="2026-03-31T18:12:08 IST" name="Linux-Chrome" finished-at="2026-03-31T18:12:24 IST" duration-ms="15864">
      <class name="testCases.TC01_AccountRegistration">
        <test-method is-config="true" signature="setup(java.lang.String,java.lang.String)[pri:0, instance:testCases.TC01_AccountRegistration@5f049ea1]" started-at="2026-03-31T18:12:08 IST" name="setup" finished-at="2026-03-31T18:12:12 IST" duration-ms="3972" status="PASS">
          <params>
            <param index="0">
              <value>
                <![CDATA[chrome]]>
              </value>
            </param>
            <param index="1">
              <value>
                <![CDATA[Linux]]>
              </value>
            </param>
          </params>
          <reporter-output>
          </reporter-output>
        </test-method> <!-- setup -->
        <test-method signature="verify_account_registration()[pri:0, instance:testCases.TC01_AccountRegistration@5f049ea1]" started-at="2026-03-31T18:12:12 IST" name="verify_account_registration" finished-at="2026-03-31T18:12:18 IST" duration-ms="5681" status="PASS">
          <reporter-output>
          </reporter-output>
        </test-method> <!-- verify_account_registration -->
        <test-method is-config="true" signature="tearDown()[pri:0, instance:testCases.TC01_AccountRegistration@5f049ea1]" started-at="2026-03-31T18:12:18 IST" name="tearDown" finished-at="2026-03-31T18:12:18 IST" duration-ms="97" status="PASS">
          <reporter-output>
          </reporter-output>
        </test-method> <!-- tearDown -->
      </class> <!-- testCases.TC01_AccountRegistration -->
      <class name="testCases.TC02_LoginTest">
        <test-method is-config="true" signature="setup(java.lang.String,java.lang.String)[pri:0, instance:testCases.TC02_LoginTest@606e4010]" started-at="2026-03-31T18:12:18 IST" name="setup" finished-at="2026-03-31T18:12:20 IST" duration-ms="2390" status="PASS">
          <params>
            <param index="0">
              <value>
                <![CDATA[chrome]]>
              </value>
            </param>
            <param index="1">
              <value>
                <![CDATA[Linux]]>
              </value>
            </param>
          </params>
          <reporter-output>
          </reporter-output>
        </test-method> <!-- setup -->
        <test-method signature="verify_login()[pri:0, instance:testCases.TC02_LoginTest@606e4010]" started-at="2026-03-31T18:12:20 IST" name="verify_login" finished-at="2026-03-31T18:12:23 IST" duration-ms="3287" status="PASS">
          <reporter-output>
          </reporter-output>
        </test-method> <!-- verify_login -->
        <test-method is-config="true" signature="tearDown()[pri:0, instance:testCases.TC02_LoginTest@606e4010]" started-at="2026-03-31T18:12:23 IST" name="tearDown" finished-at="2026-03-31T18:12:24 IST" duration-ms="147" status="PASS">
          <reporter-output>
          </reporter-output>
        </test-method> <!-- tearDown -->
      </class> <!-- testCases.TC02_LoginTest -->
    </test> <!-- Linux-Chrome -->
    <test started-at="2026-03-31T18:12:25 IST" name="Linux-Firefox" finished-at="2026-03-31T18:13:25 IST" duration-ms="60219">
      <class name="testCases.TC01_AccountRegistration">
        <test-method is-config="true" signature="setup(java.lang.String,java.lang.String)[pri:0, instance:testCases.TC01_AccountRegistration@723ca036]" started-at="2026-03-31T18:12:25 IST" name="setup" finished-at="2026-03-31T18:13:11 IST" duration-ms="45456" status="PASS">
          <params>
            <param index="0">
              <value>
                <![CDATA[firefox]]>
              </value>
            </param>
            <param index="1">
              <value>
                <![CDATA[Linux]]>
              </value>
            </param>
          </params>
          <reporter-output>
          </reporter-output>
        </test-method> <!-- setup -->
        <test-method signature="verify_account_registration()[pri:0, instance:testCases.TC01_AccountRegistration@723ca036]" started-at="2026-03-31T18:13:11 IST" name="verify_account_registration" finished-at="2026-03-31T18:13:15 IST" duration-ms="4099" status="PASS">
          <reporter-output>
          </reporter-output>
        </test-method> <!-- verify_account_registration -->
        <test-method is-config="true" signature="tearDown()[pri:0, instance:testCases.TC01_AccountRegistration@723ca036]" started-at="2026-03-31T18:13:15 IST" name="tearDown" finished-at="2026-03-31T18:13:16 IST" duration-ms="1379" status="PASS">
          <reporter-output>
          </reporter-output>
        </test-method> <!-- tearDown -->
      </class> <!-- testCases.TC01_AccountRegistration -->
      <class name="testCases.TC02_LoginTest">
        <test-method is-config="true" signature="setup(java.lang.String,java.lang.String)[pri:0, instance:testCases.TC02_LoginTest@25be7b63]" started-at="2026-03-31T18:13:16 IST" name="setup" finished-at="2026-03-31T18:13:22 IST" duration-ms="5710" status="PASS">
          <params>
            <param index="0">
              <value>
                <![CDATA[firefox]]>
              </value>
            </param>
            <param index="1">
              <value>
                <![CDATA[Linux]]>
              </value>
            </param>
          </params>
          <reporter-output>
          </reporter-output>
        </test-method> <!-- setup -->
        <test-method signature="verify_login()[pri:0, instance:testCases.TC02_LoginTest@25be7b63]" started-at="2026-03-31T18:13:22 IST" name="verify_login" finished-at="2026-03-31T18:13:24 IST" duration-ms="2165" status="PASS">
          <reporter-output>
          </reporter-output>
        </test-method> <!-- verify_login -->
        <test-method is-config="true" signature="tearDown()[pri:0, instance:testCases.TC02_LoginTest@25be7b63]" started-at="2026-03-31T18:13:24 IST" name="tearDown" finished-at="2026-03-31T18:13:25 IST" duration-ms="1403" status="PASS">
          <reporter-output>
          </reporter-output>
        </test-method> <!-- tearDown -->
      </class> <!-- testCases.TC02_LoginTest -->
    </test> <!-- Linux-Firefox -->
  </suite> <!-- grid-docker -->
</testng-results>
