<?xml version="1.0" encoding="UTF-8"?>
<!-- Generated by org.testng.reporters.JUnitReportReporter -->
<testsuite hostname="GL2740-X0" failures="0" tests="4" name="testCases.TC03_LoginDDT" time="49.189" errors="0" timestamp="2026-03-23T20:12:02 IST" skipped="0">
  <testcase classname="testCases.TC03_LoginDDT" name="verify_loginDDT" time="12.194"/>
  <testcase classname="testCases.TC03_LoginDDT" name="verify_loginDDT" time="13.185"/>
  <testcase classname="testCases.TC03_LoginDDT" name="verify_loginDDT" time="17.866"/>
  <testcase classname="testCases.TC03_LoginDDT" name="verify_loginDDT" time="5.944"/>
</testsuite> <!-- testCases.TC03_LoginDDT -->
