<?xml version="1.0" encoding="UTF-8"?>
<!-- Generated by org.testng.reporters.JUnitReportReporter -->
<testsuite hostname="GL2740-X0" failures="0" tests="2" name="testCases.TC01_AccountRegistration" time="9.780" errors="0" timestamp="2026-03-31T18:13:26 IST" skipped="0">
  <testcase classname="testCases.TC01_AccountRegistration" name="verify_account_registration" time="4.099"/>
  <testcase classname="testCases.TC01_AccountRegistration" name="verify_account_registration" time="5.681"/>
</testsuite> <!-- testCases.TC01_AccountRegistration -->
